Vivado Simulator v2024.2.0
Copyright 1986-2022 Xilinx, Inc. All Rights Reserved.
Copyright 2022-2024 Advanced Micro Devices, Inc. All Rights Reserved.
Running: C:/Xilinx/Vivado/2024.2/bin/unwrapped/win64.o/xelab.exe --incr --debug typical --relax --mt 2 -L xil_defaultlib -L unisims_ver -L unimacro_ver -L secureip --snapshot tb_mesh_row_behav xil_defaultlib.tb_mesh_row xil_defaultlib.glbl -log elaborate.log 
Using 2 slave threads.
Starting static elaboration
Pass Through NonSizing Optimizer
WARNING: [VRFC 10-3091] actual bit length 32 differs from formal bit length 8 for port 'memAddr' [D:/Dev-Projects/mesh-noc-router/cpu/tb/tb_mesh_row.v:64]
WARNING: [VRFC 10-3091] actual bit length 32 differs from formal bit length 8 for port 'memAddr' [D:/Dev-Projects/mesh-noc-router/cpu/tb/tb_mesh_row.v:72]
WARNING: [VRFC 10-3091] actual bit length 32 differs from formal bit length 4 for port 'router_position' [D:/Dev-Projects/mesh-noc-router/cpu/design/mesh_row_0.v:171]
WARNING: [VRFC 10-3091] actual bit length 8 differs from formal bit length 4 for port 'root' [D:/Dev-Projects/mesh-noc-router/cpu/design/alu.v:142]
WARNING: [VRFC 10-3091] actual bit length 8 differs from formal bit length 4 for port 'root' [D:/Dev-Projects/mesh-noc-router/cpu/design/alu.v:143]
WARNING: [VRFC 10-3091] actual bit length 8 differs from formal bit length 4 for port 'root' [D:/Dev-Projects/mesh-noc-router/cpu/design/alu.v:144]
WARNING: [VRFC 10-3091] actual bit length 8 differs from formal bit length 4 for port 'root' [D:/Dev-Projects/mesh-noc-router/cpu/design/alu.v:145]
WARNING: [VRFC 10-3091] actual bit length 8 differs from formal bit length 4 for port 'root' [D:/Dev-Projects/mesh-noc-router/cpu/design/alu.v:146]
WARNING: [VRFC 10-3091] actual bit length 8 differs from formal bit length 4 for port 'root' [D:/Dev-Projects/mesh-noc-router/cpu/design/alu.v:147]
WARNING: [VRFC 10-3091] actual bit length 8 differs from formal bit length 4 for port 'root' [D:/Dev-Projects/mesh-noc-router/cpu/design/alu.v:148]
WARNING: [VRFC 10-3091] actual bit length 8 differs from formal bit length 4 for port 'root' [D:/Dev-Projects/mesh-noc-router/cpu/design/alu.v:149]
WARNING: [VRFC 10-3091] actual bit length 16 differs from formal bit length 8 for port 'root' [D:/Dev-Projects/mesh-noc-router/cpu/design/alu.v:161]
WARNING: [VRFC 10-3091] actual bit length 16 differs from formal bit length 8 for port 'root' [D:/Dev-Projects/mesh-noc-router/cpu/design/alu.v:162]
WARNING: [VRFC 10-3091] actual bit length 16 differs from formal bit length 8 for port 'root' [D:/Dev-Projects/mesh-noc-router/cpu/design/alu.v:163]
WARNING: [VRFC 10-3091] actual bit length 16 differs from formal bit length 8 for port 'root' [D:/Dev-Projects/mesh-noc-router/cpu/design/alu.v:164]
WARNING: [VRFC 10-3091] actual bit length 32 differs from formal bit length 16 for port 'root' [D:/Dev-Projects/mesh-noc-router/cpu/design/alu.v:172]
WARNING: [VRFC 10-3091] actual bit length 32 differs from formal bit length 16 for port 'root' [D:/Dev-Projects/mesh-noc-router/cpu/design/alu.v:173]
WARNING: [VRFC 10-3091] actual bit length 64 differs from formal bit length 32 for port 'root' [D:/Dev-Projects/mesh-noc-router/cpu/design/alu.v:177]
WARNING: [VRFC 10-3091] actual bit length 32 differs from formal bit length 4 for port 'router_position' [D:/Dev-Projects/mesh-noc-router/cpu/design/mesh_row_0.v:236]
WARNING: [VRFC 10-3091] actual bit length 32 differs from formal bit length 4 for port 'router_position' [D:/Dev-Projects/mesh-noc-router/cpu/design/mesh_row_0.v:302]
WARNING: [VRFC 10-3091] actual bit length 32 differs from formal bit length 4 for port 'router_position' [D:/Dev-Projects/mesh-noc-router/cpu/design/mesh_row_0.v:368]
WARNING: [VRFC 10-3091] actual bit length 32 differs from formal bit length 8 for port 'memAddr' [D:/Dev-Projects/mesh-noc-router/cpu/tb/tb_mesh_row.v:78]
WARNING: [VRFC 10-3091] actual bit length 32 differs from formal bit length 8 for port 'memAddr' [D:/Dev-Projects/mesh-noc-router/cpu/tb/tb_mesh_row.v:86]
WARNING: [VRFC 10-3091] actual bit length 32 differs from formal bit length 8 for port 'memAddr' [D:/Dev-Projects/mesh-noc-router/cpu/tb/tb_mesh_row.v:92]
WARNING: [VRFC 10-3091] actual bit length 32 differs from formal bit length 8 for port 'memAddr' [D:/Dev-Projects/mesh-noc-router/cpu/tb/tb_mesh_row.v:100]
WARNING: [VRFC 10-3091] actual bit length 32 differs from formal bit length 8 for port 'memAddr' [D:/Dev-Projects/mesh-noc-router/cpu/tb/tb_mesh_row.v:106]
WARNING: [VRFC 10-3091] actual bit length 32 differs from formal bit length 8 for port 'memAddr' [D:/Dev-Projects/mesh-noc-router/cpu/tb/tb_mesh_row.v:114]
WARNING: [VRFC 10-5021] port 'alu' is not connected on this instance [D:/Dev-Projects/mesh-noc-router/cpu/design/four_stage_processor.v:154]
Completed static elaboration
Starting simulation data flow analysis
WARNING: [XSIM 43-4099] "../../../../cpu/design/DW_div.v" Line 35. Module DW_div(rem_mode=0) doesn't have a timescale but at least one module in design has a timescale.
WARNING: [XSIM 43-4099] "../../../../cpu/design/DW_div.v" Line 35. Module DW_div(rem_mode=0) doesn't have a timescale but at least one module in design has a timescale.
WARNING: [XSIM 43-4099] "../../../../cpu/design/DW_div.v" Line 35. Module DW_div(rem_mode=0) doesn't have a timescale but at least one module in design has a timescale.
WARNING: [XSIM 43-4099] "../../../../cpu/design/DW_div.v" Line 35. Module DW_div(rem_mode=0) doesn't have a timescale but at least one module in design has a timescale.
WARNING: [XSIM 43-4099] "../../../../cpu/design/DW_div.v" Line 35. Module DW_div(rem_mode=0) doesn't have a timescale but at least one module in design has a timescale.
WARNING: [XSIM 43-4099] "../../../../cpu/design/DW_div.v" Line 35. Module DW_div(rem_mode=0) doesn't have a timescale but at least one module in design has a timescale.
WARNING: [XSIM 43-4099] "../../../../cpu/design/DW_div.v" Line 35. Module DW_div(rem_mode=0) doesn't have a timescale but at least one module in design has a timescale.
WARNING: [XSIM 43-4099] "../../../../cpu/design/DW_div.v" Line 35. Module DW_div(rem_mode=0) doesn't have a timescale but at least one module in design has a timescale.
WARNING: [XSIM 43-4099] "../../../../cpu/design/DW_div.v" Line 35. Module DW_div(a_width=16,b_width=16,rem_mode=0) doesn't have a timescale but at least one module in design has a timescale.
WARNING: [XSIM 43-4099] "../../../../cpu/design/DW_div.v" Line 35. Module DW_div(a_width=16,b_width=16,rem_mode=0) doesn't have a timescale but at least one module in design has a timescale.
WARNING: [XSIM 43-4099] "../../../../cpu/design/DW_div.v" Line 35. Module DW_div(a_width=16,b_width=16,rem_mode=0) doesn't have a timescale but at least one module in design has a timescale.
WARNING: [XSIM 43-4099] "../../../../cpu/design/DW_div.v" Line 35. Module DW_div(a_width=16,b_width=16,rem_mode=0) doesn't have a timescale but at least one module in design has a timescale.
WARNING: [XSIM 43-4099] "../../../../cpu/design/DW_div.v" Line 35. Module DW_div(a_width=32,b_width=32,rem_mode=0) doesn't have a timescale but at least one module in design has a timescale.
WARNING: [XSIM 43-4099] "../../../../cpu/design/DW_div.v" Line 35. Module DW_div(a_width=32,b_width=32,rem_mode=0) doesn't have a timescale but at least one module in design has a timescale.
WARNING: [XSIM 43-4099] "../../../../cpu/design/DW_div.v" Line 35. Module DW_div(a_width=64,b_width=64,rem_mode=0) doesn't have a timescale but at least one module in design has a timescale.
WARNING: [XSIM 43-4099] "../../../../cpu/design/DW_sqrt.v" Line 29. Module DW_sqrt doesn't have a timescale but at least one module in design has a timescale.
WARNING: [XSIM 43-4099] "../../../../cpu/design/DW_sqrt.v" Line 29. Module DW_sqrt doesn't have a timescale but at least one module in design has a timescale.
WARNING: [XSIM 43-4099] "../../../../cpu/design/DW_sqrt.v" Line 29. Module DW_sqrt doesn't have a timescale but at least one module in design has a timescale.
WARNING: [XSIM 43-4099] "../../../../cpu/design/DW_sqrt.v" Line 29. Module DW_sqrt doesn't have a timescale but at least one module in design has a timescale.
WARNING: [XSIM 43-4099] "../../../../cpu/design/DW_sqrt.v" Line 29. Module DW_sqrt doesn't have a timescale but at least one module in design has a timescale.
WARNING: [XSIM 43-4099] "../../../../cpu/design/DW_sqrt.v" Line 29. Module DW_sqrt doesn't have a timescale but at least one module in design has a timescale.
WARNING: [XSIM 43-4099] "../../../../cpu/design/DW_sqrt.v" Line 29. Module DW_sqrt doesn't have a timescale but at least one module in design has a timescale.
WARNING: [XSIM 43-4099] "../../../../cpu/design/DW_sqrt.v" Line 29. Module DW_sqrt doesn't have a timescale but at least one module in design has a timescale.
WARNING: [XSIM 43-4099] "../../../../cpu/design/DW_sqrt.v" Line 29. Module DW_sqrt(width=16) doesn't have a timescale but at least one module in design has a timescale.
WARNING: [XSIM 43-4099] "../../../../cpu/design/DW_sqrt.v" Line 29. Module DW_sqrt(width=16) doesn't have a timescale but at least one module in design has a timescale.
WARNING: [XSIM 43-4099] "../../../../cpu/design/DW_sqrt.v" Line 29. Module DW_sqrt(width=16) doesn't have a timescale but at least one module in design has a timescale.
WARNING: [XSIM 43-4099] "../../../../cpu/design/DW_sqrt.v" Line 29. Module DW_sqrt(width=16) doesn't have a timescale but at least one module in design has a timescale.
WARNING: [XSIM 43-4099] "../../../../cpu/design/DW_sqrt.v" Line 29. Module DW_sqrt(width=32) doesn't have a timescale but at least one module in design has a timescale.
WARNING: [XSIM 43-4099] "../../../../cpu/design/DW_sqrt.v" Line 29. Module DW_sqrt(width=32) doesn't have a timescale but at least one module in design has a timescale.
WARNING: [XSIM 43-4099] "../../../../cpu/design/DW_sqrt.v" Line 29. Module DW_sqrt(width=64) doesn't have a timescale but at least one module in design has a timescale.
WARNING: [XSIM 43-4099] "../../../../cpu/design/DW_div.v" Line 35. Module DW_div(rem_mode=0) doesn't have a timescale but at least one module in design has a timescale.
WARNING: [XSIM 43-4099] "../../../../cpu/design/DW_div.v" Line 35. Module DW_div(rem_mode=0) doesn't have a timescale but at least one module in design has a timescale.
WARNING: [XSIM 43-4099] "../../../../cpu/design/DW_div.v" Line 35. Module DW_div(rem_mode=0) doesn't have a timescale but at least one module in design has a timescale.
WARNING: [XSIM 43-4099] "../../../../cpu/design/DW_div.v" Line 35. Module DW_div(rem_mode=0) doesn't have a timescale but at least one module in design has a timescale.
WARNING: [XSIM 43-4099] "../../../../cpu/design/DW_div.v" Line 35. Module DW_div(rem_mode=0) doesn't have a timescale but at least one module in design has a timescale.
WARNING: [XSIM 43-4099] "../../../../cpu/design/DW_div.v" Line 35. Module DW_div(rem_mode=0) doesn't have a timescale but at least one module in design has a timescale.
WARNING: [XSIM 43-4099] "../../../../cpu/design/DW_div.v" Line 35. Module DW_div(rem_mode=0) doesn't have a timescale but at least one module in design has a timescale.
WARNING: [XSIM 43-4099] "../../../../cpu/design/DW_div.v" Line 35. Module DW_div(rem_mode=0) doesn't have a timescale but at least one module in design has a timescale.
WARNING: [XSIM 43-4099] "../../../../cpu/design/DW_div.v" Line 35. Module DW_div(a_width=16,b_width=16,rem_mode=0) doesn't have a timescale but at least one module in design has a timescale.
WARNING: [XSIM 43-4099] "../../../../cpu/design/DW_div.v" Line 35. Module DW_div(a_width=16,b_width=16,rem_mode=0) doesn't have a timescale but at least one module in design has a timescale.
WARNING: [XSIM 43-4099] "../../../../cpu/design/DW_div.v" Line 35. Module DW_div(a_width=16,b_width=16,rem_mode=0) doesn't have a timescale but at least one module in design has a timescale.
WARNING: [XSIM 43-4099] "../../../../cpu/design/DW_div.v" Line 35. Module DW_div(a_width=16,b_width=16,rem_mode=0) doesn't have a timescale but at least one module in design has a timescale.
WARNING: [XSIM 43-4099] "../../../../cpu/design/DW_div.v" Line 35. Module DW_div(a_width=32,b_width=32,rem_mode=0) doesn't have a timescale but at least one module in design has a timescale.
WARNING: [XSIM 43-4099] "../../../../cpu/design/DW_div.v" Line 35. Module DW_div(a_width=32,b_width=32,rem_mode=0) doesn't have a timescale but at least one module in design has a timescale.
WARNING: [XSIM 43-4099] "../../../../cpu/design/DW_div.v" Line 35. Module DW_div(a_width=64,b_width=64,rem_mode=0) doesn't have a timescale but at least one module in design has a timescale.
WARNING: [XSIM 43-4099] "../../../../cpu/design/DW_sqrt.v" Line 29. Module DW_sqrt doesn't have a timescale but at least one module in design has a timescale.
WARNING: [XSIM 43-4099] "../../../../cpu/design/DW_sqrt.v" Line 29. Module DW_sqrt doesn't have a timescale but at least one module in design has a timescale.
WARNING: [XSIM 43-4099] "../../../../cpu/design/DW_sqrt.v" Line 29. Module DW_sqrt doesn't have a timescale but at least one module in design has a timescale.
WARNING: [XSIM 43-4099] "../../../../cpu/design/DW_sqrt.v" Line 29. Module DW_sqrt doesn't have a timescale but at least one module in design has a timescale.
WARNING: [XSIM 43-4099] "../../../../cpu/design/DW_sqrt.v" Line 29. Module DW_sqrt doesn't have a timescale but at least one module in design has a timescale.
WARNING: [XSIM 43-4099] "../../../../cpu/design/DW_sqrt.v" Line 29. Module DW_sqrt doesn't have a timescale but at least one module in design has a timescale.
WARNING: [XSIM 43-4099] "../../../../cpu/design/DW_sqrt.v" Line 29. Module DW_sqrt doesn't have a timescale but at least one module in design has a timescale.
WARNING: [XSIM 43-4099] "../../../../cpu/design/DW_sqrt.v" Line 29. Module DW_sqrt doesn't have a timescale but at least one module in design has a timescale.
WARNING: [XSIM 43-4099] "../../../../cpu/design/DW_sqrt.v" Line 29. Module DW_sqrt(width=16) doesn't have a timescale but at least one module in design has a timescale.
WARNING: [XSIM 43-4099] "../../../../cpu/design/DW_sqrt.v" Line 29. Module DW_sqrt(width=16) doesn't have a timescale but at least one module in design has a timescale.
WARNING: [XSIM 43-4099] "../../../../cpu/design/DW_sqrt.v" Line 29. Module DW_sqrt(width=16) doesn't have a timescale but at least one module in design has a timescale.
WARNING: [XSIM 43-4099] "../../../../cpu/design/DW_sqrt.v" Line 29. Module DW_sqrt(width=16) doesn't have a timescale but at least one module in design has a timescale.
WARNING: [XSIM 43-4099] "../../../../cpu/design/DW_sqrt.v" Line 29. Module DW_sqrt(width=32) doesn't have a timescale but at least one module in design has a timescale.
WARNING: [XSIM 43-4099] "../../../../cpu/design/DW_sqrt.v" Line 29. Module DW_sqrt(width=32) doesn't have a timescale but at least one module in design has a timescale.
WARNING: [XSIM 43-4099] "../../../../cpu/design/DW_sqrt.v" Line 29. Module DW_sqrt(width=64) doesn't have a timescale but at least one module in design has a timescale.
WARNING: [XSIM 43-4099] "../../../../cpu/design/DW_div.v" Line 35. Module DW_div(rem_mode=0) doesn't have a timescale but at least one module in design has a timescale.
WARNING: [XSIM 43-4099] "../../../../cpu/design/DW_div.v" Line 35. Module DW_div(rem_mode=0) doesn't have a timescale but at least one module in design has a timescale.
WARNING: [XSIM 43-4099] "../../../../cpu/design/DW_div.v" Line 35. Module DW_div(rem_mode=0) doesn't have a timescale but at least one module in design has a timescale.
WARNING: [XSIM 43-4099] "../../../../cpu/design/DW_div.v" Line 35. Module DW_div(rem_mode=0) doesn't have a timescale but at least one module in design has a timescale.
WARNING: [XSIM 43-4099] "../../../../cpu/design/DW_div.v" Line 35. Module DW_div(rem_mode=0) doesn't have a timescale but at least one module in design has a timescale.
WARNING: [XSIM 43-4099] "../../../../cpu/design/DW_div.v" Line 35. Module DW_div(rem_mode=0) doesn't have a timescale but at least one module in design has a timescale.
WARNING: [XSIM 43-4099] "../../../../cpu/design/DW_div.v" Line 35. Module DW_div(rem_mode=0) doesn't have a timescale but at least one module in design has a timescale.
WARNING: [XSIM 43-4099] "../../../../cpu/design/DW_div.v" Line 35. Module DW_div(rem_mode=0) doesn't have a timescale but at least one module in design has a timescale.
WARNING: [XSIM 43-4099] "../../../../cpu/design/DW_div.v" Line 35. Module DW_div(a_width=16,b_width=16,rem_mode=0) doesn't have a timescale but at least one module in design has a timescale.
WARNING: [XSIM 43-4099] "../../../../cpu/design/DW_div.v" Line 35. Module DW_div(a_width=16,b_width=16,rem_mode=0) doesn't have a timescale but at least one module in design has a timescale.
WARNING: [XSIM 43-4099] "../../../../cpu/design/DW_div.v" Line 35. Module DW_div(a_width=16,b_width=16,rem_mode=0) doesn't have a timescale but at least one module in design has a timescale.
WARNING: [XSIM 43-4099] "../../../../cpu/design/DW_div.v" Line 35. Module DW_div(a_width=16,b_width=16,rem_mode=0) doesn't have a timescale but at least one module in design has a timescale.
WARNING: [XSIM 43-4099] "../../../../cpu/design/DW_div.v" Line 35. Module DW_div(a_width=32,b_width=32,rem_mode=0) doesn't have a timescale but at least one module in design has a timescale.
WARNING: [XSIM 43-4099] "../../../../cpu/design/DW_div.v" Line 35. Module DW_div(a_width=32,b_width=32,rem_mode=0) doesn't have a timescale but at least one module in design has a timescale.
WARNING: [XSIM 43-4099] "../../../../cpu/design/DW_div.v" Line 35. Module DW_div(a_width=64,b_width=64,rem_mode=0) doesn't have a timescale but at least one module in design has a timescale.
WARNING: [XSIM 43-4099] "../../../../cpu/design/DW_sqrt.v" Line 29. Module DW_sqrt doesn't have a timescale but at least one module in design has a timescale.
WARNING: [XSIM 43-4099] "../../../../cpu/design/DW_sqrt.v" Line 29. Module DW_sqrt doesn't have a timescale but at least one module in design has a timescale.
WARNING: [XSIM 43-4099] "../../../../cpu/design/DW_sqrt.v" Line 29. Module DW_sqrt doesn't have a timescale but at least one module in design has a timescale.
WARNING: [XSIM 43-4099] "../../../../cpu/design/DW_sqrt.v" Line 29. Module DW_sqrt doesn't have a timescale but at least one module in design has a timescale.
WARNING: [XSIM 43-4099] "../../../../cpu/design/DW_sqrt.v" Line 29. Module DW_sqrt doesn't have a timescale but at least one module in design has a timescale.
WARNING: [XSIM 43-4099] "../../../../cpu/design/DW_sqrt.v" Line 29. Module DW_sqrt doesn't have a timescale but at least one module in design has a timescale.
WARNING: [XSIM 43-4099] "../../../../cpu/design/DW_sqrt.v" Line 29. Module DW_sqrt doesn't have a timescale but at least one module in design has a timescale.
WARNING: [XSIM 43-4099] "../../../../cpu/design/DW_sqrt.v" Line 29. Module DW_sqrt doesn't have a timescale but at least one module in design has a timescale.
WARNING: [XSIM 43-4099] "../../../../cpu/design/DW_sqrt.v" Line 29. Module DW_sqrt(width=16) doesn't have a timescale but at least one module in design has a timescale.
WARNING: [XSIM 43-4099] "../../../../cpu/design/DW_sqrt.v" Line 29. Module DW_sqrt(width=16) doesn't have a timescale but at least one module in design has a timescale.
WARNING: [XSIM 43-4099] "../../../../cpu/design/DW_sqrt.v" Line 29. Module DW_sqrt(width=16) doesn't have a timescale but at least one module in design has a timescale.
WARNING: [XSIM 43-4099] "../../../../cpu/design/DW_sqrt.v" Line 29. Module DW_sqrt(width=16) doesn't have a timescale but at least one module in design has a timescale.
WARNING: [XSIM 43-4099] "../../../../cpu/design/DW_sqrt.v" Line 29. Module DW_sqrt(width=32) doesn't have a timescale but at least one module in design has a timescale.
WARNING: [XSIM 43-4099] "../../../../cpu/design/DW_sqrt.v" Line 29. Module DW_sqrt(width=32) doesn't have a timescale but at least one module in design has a timescale.
WARNING: [XSIM 43-4099] "../../../../cpu/design/DW_sqrt.v" Line 29. Module DW_sqrt(width=64) doesn't have a timescale but at least one module in design has a timescale.
WARNING: [XSIM 43-4099] "../../../../cpu/design/DW_div.v" Line 35. Module DW_div(rem_mode=0) doesn't have a timescale but at least one module in design has a timescale.
WARNING: [XSIM 43-4099] "../../../../cpu/design/DW_div.v" Line 35. Module DW_div(rem_mode=0) doesn't have a timescale but at least one module in design has a timescale.
WARNING: [XSIM 43-4099] "../../../../cpu/design/DW_div.v" Line 35. Module DW_div(rem_mode=0) doesn't have a timescale but at least one module in design has a timescale.
WARNING: [XSIM 43-4099] "../../../../cpu/design/DW_div.v" Line 35. Module DW_div(rem_mode=0) doesn't have a timescale but at least one module in design has a timescale.
WARNING: [XSIM 43-4099] "../../../../cpu/design/DW_div.v" Line 35. Module DW_div(rem_mode=0) doesn't have a timescale but at least one module in design has a timescale.
WARNING: [XSIM 43-4099] "../../../../cpu/design/DW_div.v" Line 35. Module DW_div(rem_mode=0) doesn't have a timescale but at least one module in design has a timescale.
WARNING: [XSIM 43-4099] "../../../../cpu/design/DW_div.v" Line 35. Module DW_div(rem_mode=0) doesn't have a timescale but at least one module in design has a timescale.
WARNING: [XSIM 43-4099] "../../../../cpu/design/DW_div.v" Line 35. Module DW_div(rem_mode=0) doesn't have a timescale but at least one module in design has a timescale.
WARNING: [XSIM 43-4099] "../../../../cpu/design/DW_div.v" Line 35. Module DW_div(a_width=16,b_width=16,rem_mode=0) doesn't have a timescale but at least one module in design has a timescale.
WARNING: [XSIM 43-4099] "../../../../cpu/design/DW_div.v" Line 35. Module DW_div(a_width=16,b_width=16,rem_mode=0) doesn't have a timescale but at least one module in design has a timescale.
WARNING: [XSIM 43-4099] "../../../../cpu/design/DW_div.v" Line 35. Module DW_div(a_width=16,b_width=16,rem_mode=0) doesn't have a timescale but at least one module in design has a timescale.
WARNING: [XSIM 43-4099] "../../../../cpu/design/DW_div.v" Line 35. Module DW_div(a_width=16,b_width=16,rem_mode=0) doesn't have a timescale but at least one module in design has a timescale.
WARNING: [XSIM 43-4099] "../../../../cpu/design/DW_div.v" Line 35. Module DW_div(a_width=32,b_width=32,rem_mode=0) doesn't have a timescale but at least one module in design has a timescale.
WARNING: [XSIM 43-4099] "../../../../cpu/design/DW_div.v" Line 35. Module DW_div(a_width=32,b_width=32,rem_mode=0) doesn't have a timescale but at least one module in design has a timescale.
WARNING: [XSIM 43-4099] "../../../../cpu/design/DW_div.v" Line 35. Module DW_div(a_width=64,b_width=64,rem_mode=0) doesn't have a timescale but at least one module in design has a timescale.
WARNING: [XSIM 43-4099] "../../../../cpu/design/DW_sqrt.v" Line 29. Module DW_sqrt doesn't have a timescale but at least one module in design has a timescale.
WARNING: [XSIM 43-4099] "../../../../cpu/design/DW_sqrt.v" Line 29. Module DW_sqrt doesn't have a timescale but at least one module in design has a timescale.
WARNING: [XSIM 43-4099] "../../../../cpu/design/DW_sqrt.v" Line 29. Module DW_sqrt doesn't have a timescale but at least one module in design has a timescale.
WARNING: [XSIM 43-4099] "../../../../cpu/design/DW_sqrt.v" Line 29. Module DW_sqrt doesn't have a timescale but at least one module in design has a timescale.
WARNING: [XSIM 43-4099] "../../../../cpu/design/DW_sqrt.v" Line 29. Module DW_sqrt doesn't have a timescale but at least one module in design has a timescale.
WARNING: [XSIM 43-4099] "../../../../cpu/design/DW_sqrt.v" Line 29. Module DW_sqrt doesn't have a timescale but at least one module in design has a timescale.
WARNING: [XSIM 43-4099] "../../../../cpu/design/DW_sqrt.v" Line 29. Module DW_sqrt doesn't have a timescale but at least one module in design has a timescale.
WARNING: [XSIM 43-4099] "../../../../cpu/design/DW_sqrt.v" Line 29. Module DW_sqrt doesn't have a timescale but at least one module in design has a timescale.
WARNING: [XSIM 43-4099] "../../../../cpu/design/DW_sqrt.v" Line 29. Module DW_sqrt(width=16) doesn't have a timescale but at least one module in design has a timescale.
WARNING: [XSIM 43-4099] "../../../../cpu/design/DW_sqrt.v" Line 29. Module DW_sqrt(width=16) doesn't have a timescale but at least one module in design has a timescale.
WARNING: [XSIM 43-4099] "../../../../cpu/design/DW_sqrt.v" Line 29. Module DW_sqrt(width=16) doesn't have a timescale but at least one module in design has a timescale.
WARNING: [XSIM 43-4099] "../../../../cpu/design/DW_sqrt.v" Line 29. Module DW_sqrt(width=16) doesn't have a timescale but at least one module in design has a timescale.
WARNING: [XSIM 43-4099] "../../../../cpu/design/DW_sqrt.v" Line 29. Module DW_sqrt(width=32) doesn't have a timescale but at least one module in design has a timescale.
WARNING: [XSIM 43-4099] "../../../../cpu/design/DW_sqrt.v" Line 29. Module DW_sqrt(width=32) doesn't have a timescale but at least one module in design has a timescale.
WARNING: [XSIM 43-4099] "../../../../cpu/design/DW_sqrt.v" Line 29. Module DW_sqrt(width=64) doesn't have a timescale but at least one module in design has a timescale.
WARNING: [XSIM 43-4099] "../../../../cpu/design/DW_div.v" Line 35. Module DW_div(rem_mode=0) doesn't have a timescale but at least one module in design has a timescale.
WARNING: [XSIM 43-4099] "../../../../cpu/design/DW_div.v" Line 35. Module DW_div(rem_mode=0) doesn't have a timescale but at least one module in design has a timescale.
WARNING: [XSIM 43-4099] "../../../../cpu/design/DW_div.v" Line 35. Module DW_div(rem_mode=0) doesn't have a timescale but at least one module in design has a timescale.
WARNING: [XSIM 43-4099] "../../../../cpu/design/DW_div.v" Line 35. Module DW_div(rem_mode=0) doesn't have a timescale but at least one module in design has a timescale.
WARNING: [XSIM 43-4099] "../../../../cpu/design/DW_div.v" Line 35. Module DW_div(rem_mode=0) doesn't have a timescale but at least one module in design has a timescale.
WARNING: [XSIM 43-4099] "../../../../cpu/design/DW_div.v" Line 35. Module DW_div(rem_mode=0) doesn't have a timescale but at least one module in design has a timescale.
WARNING: [XSIM 43-4099] "../../../../cpu/design/DW_div.v" Line 35. Module DW_div(rem_mode=0) doesn't have a timescale but at least one module in design has a timescale.
WARNING: [XSIM 43-4099] "../../../../cpu/design/DW_div.v" Line 35. Module DW_div(rem_mode=0) doesn't have a timescale but at least one module in design has a timescale.
WARNING: [XSIM 43-4099] "../../../../cpu/design/DW_div.v" Line 35. Module DW_div(a_width=16,b_width=16,rem_mode=0) doesn't have a timescale but at least one module in design has a timescale.
WARNING: [XSIM 43-4099] "../../../../cpu/design/DW_div.v" Line 35. Module DW_div(a_width=16,b_width=16,rem_mode=0) doesn't have a timescale but at least one module in design has a timescale.
WARNING: [XSIM 43-4099] "../../../../cpu/design/DW_div.v" Line 35. Module DW_div(a_width=16,b_width=16,rem_mode=0) doesn't have a timescale but at least one module in design has a timescale.
WARNING: [XSIM 43-4099] "../../../../cpu/design/DW_div.v" Line 35. Module DW_div(a_width=16,b_width=16,rem_mode=0) doesn't have a timescale but at least one module in design has a timescale.
WARNING: [XSIM 43-4099] "../../../../cpu/design/DW_div.v" Line 35. Module DW_div(a_width=32,b_width=32,rem_mode=0) doesn't have a timescale but at least one module in design has a timescale.
WARNING: [XSIM 43-4099] "../../../../cpu/design/DW_div.v" Line 35. Module DW_div(a_width=32,b_width=32,rem_mode=0) doesn't have a timescale but at least one module in design has a timescale.
WARNING: [XSIM 43-4099] "../../../../cpu/design/DW_div.v" Line 35. Module DW_div(a_width=64,b_width=64,rem_mode=0) doesn't have a timescale but at least one module in design has a timescale.
WARNING: [XSIM 43-4099] "../../../../cpu/design/DW_sqrt.v" Line 29. Module DW_sqrt doesn't have a timescale but at least one module in design has a timescale.
WARNING: [XSIM 43-4099] "../../../../cpu/design/DW_sqrt.v" Line 29. Module DW_sqrt doesn't have a timescale but at least one module in design has a timescale.
WARNING: [XSIM 43-4099] "../../../../cpu/design/DW_sqrt.v" Line 29. Module DW_sqrt doesn't have a timescale but at least one module in design has a timescale.
WARNING: [XSIM 43-4099] "../../../../cpu/design/DW_sqrt.v" Line 29. Module DW_sqrt doesn't have a timescale but at least one module in design has a timescale.
WARNING: [XSIM 43-4099] "../../../../cpu/design/DW_sqrt.v" Line 29. Module DW_sqrt doesn't have a timescale but at least one module in design has a timescale.
WARNING: [XSIM 43-4099] "../../../../cpu/design/DW_sqrt.v" Line 29. Module DW_sqrt doesn't have a timescale but at least one module in design has a timescale.
WARNING: [XSIM 43-4099] "../../../../cpu/design/DW_sqrt.v" Line 29. Module DW_sqrt doesn't have a timescale but at least one module in design has a timescale.
WARNING: [XSIM 43-4099] "../../../../cpu/design/DW_sqrt.v" Line 29. Module DW_sqrt doesn't have a timescale but at least one module in design has a timescale.
WARNING: [XSIM 43-4099] "../../../../cpu/design/DW_sqrt.v" Line 29. Module DW_sqrt(width=16) doesn't have a timescale but at least one module in design has a timescale.
WARNING: [XSIM 43-4099] "../../../../cpu/design/DW_sqrt.v" Line 29. Module DW_sqrt(width=16) doesn't have a timescale but at least one module in design has a timescale.
WARNING: [XSIM 43-4099] "../../../../cpu/design/DW_sqrt.v" Line 29. Module DW_sqrt(width=16) doesn't have a timescale but at least one module in design has a timescale.
WARNING: [XSIM 43-4099] "../../../../cpu/design/DW_sqrt.v" Line 29. Module DW_sqrt(width=16) doesn't have a timescale but at least one module in design has a timescale.
WARNING: [XSIM 43-4099] "../../../../cpu/design/DW_sqrt.v" Line 29. Module DW_sqrt(width=32) doesn't have a timescale but at least one module in design has a timescale.
WARNING: [XSIM 43-4099] "../../../../cpu/design/DW_sqrt.v" Line 29. Module DW_sqrt(width=32) doesn't have a timescale but at least one module in design has a timescale.
WARNING: [XSIM 43-4099] "../../../../cpu/design/DW_sqrt.v" Line 29. Module DW_sqrt(width=64) doesn't have a timescale but at least one module in design has a timescale.
WARNING: [XSIM 43-4099] "../../../../cpu/design/DW_div.v" Line 35. Module DW_div(rem_mode=0) doesn't have a timescale but at least one module in design has a timescale.
WARNING: [XSIM 43-4099] "../../../../cpu/design/DW_div.v" Line 35. Module DW_div(rem_mode=0) doesn't have a timescale but at least one module in design has a timescale.
WARNING: [XSIM 43-4099] "../../../../cpu/design/DW_div.v" Line 35. Module DW_div(rem_mode=0) doesn't have a timescale but at least one module in design has a timescale.
WARNING: [XSIM 43-4099] "../../../../cpu/design/DW_div.v" Line 35. Module DW_div(rem_mode=0) doesn't have a timescale but at least one module in design has a timescale.
WARNING: [XSIM 43-4099] "../../../../cpu/design/DW_div.v" Line 35. Module DW_div(rem_mode=0) doesn't have a timescale but at least one module in design has a timescale.
WARNING: [XSIM 43-4099] "../../../../cpu/design/DW_div.v" Line 35. Module DW_div(rem_mode=0) doesn't have a timescale but at least one module in design has a timescale.
WARNING: [XSIM 43-4099] "../../../../cpu/design/DW_div.v" Line 35. Module DW_div(rem_mode=0) doesn't have a timescale but at least one module in design has a timescale.
WARNING: [XSIM 43-4099] "../../../../cpu/design/DW_div.v" Line 35. Module DW_div(rem_mode=0) doesn't have a timescale but at least one module in design has a timescale.
WARNING: [XSIM 43-4099] "../../../../cpu/design/DW_div.v" Line 35. Module DW_div(a_width=16,b_width=16,rem_mode=0) doesn't have a timescale but at least one module in design has a timescale.
WARNING: [XSIM 43-4099] "../../../../cpu/design/DW_div.v" Line 35. Module DW_div(a_width=16,b_width=16,rem_mode=0) doesn't have a timescale but at least one module in design has a timescale.
WARNING: [XSIM 43-4099] "../../../../cpu/design/DW_div.v" Line 35. Module DW_div(a_width=16,b_width=16,rem_mode=0) doesn't have a timescale but at least one module in design has a timescale.
WARNING: [XSIM 43-4099] "../../../../cpu/design/DW_div.v" Line 35. Module DW_div(a_width=16,b_width=16,rem_mode=0) doesn't have a timescale but at least one module in design has a timescale.
WARNING: [XSIM 43-4099] "../../../../cpu/design/DW_div.v" Line 35. Module DW_div(a_width=32,b_width=32,rem_mode=0) doesn't have a timescale but at least one module in design has a timescale.
WARNING: [XSIM 43-4099] "../../../../cpu/design/DW_div.v" Line 35. Module DW_div(a_width=32,b_width=32,rem_mode=0) doesn't have a timescale but at least one module in design has a timescale.
WARNING: [XSIM 43-4099] "../../../../cpu/design/DW_div.v" Line 35. Module DW_div(a_width=64,b_width=64,rem_mode=0) doesn't have a timescale but at least one module in design has a timescale.
WARNING: [XSIM 43-4099] "../../../../cpu/design/DW_sqrt.v" Line 29. Module DW_sqrt doesn't have a timescale but at least one module in design has a timescale.
WARNING: [XSIM 43-4099] "../../../../cpu/design/DW_sqrt.v" Line 29. Module DW_sqrt doesn't have a timescale but at least one module in design has a timescale.
WARNING: [XSIM 43-4099] "../../../../cpu/design/DW_sqrt.v" Line 29. Module DW_sqrt doesn't have a timescale but at least one module in design has a timescale.
WARNING: [XSIM 43-4099] "../../../../cpu/design/DW_sqrt.v" Line 29. Module DW_sqrt doesn't have a timescale but at least one module in design has a timescale.
WARNING: [XSIM 43-4099] "../../../../cpu/design/DW_sqrt.v" Line 29. Module DW_sqrt doesn't have a timescale but at least one module in design has a timescale.
WARNING: [XSIM 43-4099] "../../../../cpu/design/DW_sqrt.v" Line 29. Module DW_sqrt doesn't have a timescale but at least one module in design has a timescale.
WARNING: [XSIM 43-4099] "../../../../cpu/design/DW_sqrt.v" Line 29. Module DW_sqrt doesn't have a timescale but at least one module in design has a timescale.
WARNING: [XSIM 43-4099] "../../../../cpu/design/DW_sqrt.v" Line 29. Module DW_sqrt doesn't have a timescale but at least one module in design has a timescale.
WARNING: [XSIM 43-4099] "../../../../cpu/design/DW_sqrt.v" Line 29. Module DW_sqrt(width=16) doesn't have a timescale but at least one module in design has a timescale.
WARNING: [XSIM 43-4099] "../../../../cpu/design/DW_sqrt.v" Line 29. Module DW_sqrt(width=16) doesn't have a timescale but at least one module in design has a timescale.
WARNING: [XSIM 43-4099] "../../../../cpu/design/DW_sqrt.v" Line 29. Module DW_sqrt(width=16) doesn't have a timescale but at least one module in design has a timescale.
WARNING: [XSIM 43-4099] "../../../../cpu/design/DW_sqrt.v" Line 29. Module DW_sqrt(width=16) doesn't have a timescale but at least one module in design has a timescale.
WARNING: [XSIM 43-4099] "../../../../cpu/design/DW_sqrt.v" Line 29. Module DW_sqrt(width=32) doesn't have a timescale but at least one module in design has a timescale.
WARNING: [XSIM 43-4099] "../../../../cpu/design/DW_sqrt.v" Line 29. Module DW_sqrt(width=32) doesn't have a timescale but at least one module in design has a timescale.
WARNING: [XSIM 43-4099] "../../../../cpu/design/DW_sqrt.v" Line 29. Module DW_sqrt(width=64) doesn't have a timescale but at least one module in design has a timescale.
WARNING: [XSIM 43-4099] "../../../../cpu/design/DW_div.v" Line 35. Module DW_div(rem_mode=0) doesn't have a timescale but at least one module in design has a timescale.
WARNING: [XSIM 43-4099] "../../../../cpu/design/DW_div.v" Line 35. Module DW_div(rem_mode=0) doesn't have a timescale but at least one module in design has a timescale.
WARNING: [XSIM 43-4099] "../../../../cpu/design/DW_div.v" Line 35. Module DW_div(rem_mode=0) doesn't have a timescale but at least one module in design has a timescale.
WARNING: [XSIM 43-4099] "../../../../cpu/design/DW_div.v" Line 35. Module DW_div(rem_mode=0) doesn't have a timescale but at least one module in design has a timescale.
WARNING: [XSIM 43-4099] "../../../../cpu/design/DW_div.v" Line 35. Module DW_div(rem_mode=0) doesn't have a timescale but at least one module in design has a timescale.
WARNING: [XSIM 43-4099] "../../../../cpu/design/DW_div.v" Line 35. Module DW_div(rem_mode=0) doesn't have a timescale but at least one module in design has a timescale.
WARNING: [XSIM 43-4099] "../../../../cpu/design/DW_div.v" Line 35. Module DW_div(rem_mode=0) doesn't have a timescale but at least one module in design has a timescale.
WARNING: [XSIM 43-4099] "../../../../cpu/design/DW_div.v" Line 35. Module DW_div(rem_mode=0) doesn't have a timescale but at least one module in design has a timescale.
WARNING: [XSIM 43-4099] "../../../../cpu/design/DW_div.v" Line 35. Module DW_div(a_width=16,b_width=16,rem_mode=0) doesn't have a timescale but at least one module in design has a timescale.
WARNING: [XSIM 43-4099] "../../../../cpu/design/DW_div.v" Line 35. Module DW_div(a_width=16,b_width=16,rem_mode=0) doesn't have a timescale but at least one module in design has a timescale.
WARNING: [XSIM 43-4099] "../../../../cpu/design/DW_div.v" Line 35. Module DW_div(a_width=16,b_width=16,rem_mode=0) doesn't have a timescale but at least one module in design has a timescale.
WARNING: [XSIM 43-4099] "../../../../cpu/design/DW_div.v" Line 35. Module DW_div(a_width=16,b_width=16,rem_mode=0) doesn't have a timescale but at least one module in design has a timescale.
WARNING: [XSIM 43-4099] "../../../../cpu/design/DW_div.v" Line 35. Module DW_div(a_width=32,b_width=32,rem_mode=0) doesn't have a timescale but at least one module in design has a timescale.
WARNING: [XSIM 43-4099] "../../../../cpu/design/DW_div.v" Line 35. Module DW_div(a_width=32,b_width=32,rem_mode=0) doesn't have a timescale but at least one module in design has a timescale.
WARNING: [XSIM 43-4099] "../../../../cpu/design/DW_div.v" Line 35. Module DW_div(a_width=64,b_width=64,rem_mode=0) doesn't have a timescale but at least one module in design has a timescale.
WARNING: [XSIM 43-4099] "../../../../cpu/design/DW_sqrt.v" Line 29. Module DW_sqrt doesn't have a timescale but at least one module in design has a timescale.
WARNING: [XSIM 43-4099] "../../../../cpu/design/DW_sqrt.v" Line 29. Module DW_sqrt doesn't have a timescale but at least one module in design has a timescale.
WARNING: [XSIM 43-4099] "../../../../cpu/design/DW_sqrt.v" Line 29. Module DW_sqrt doesn't have a timescale but at least one module in design has a timescale.
WARNING: [XSIM 43-4099] "../../../../cpu/design/DW_sqrt.v" Line 29. Module DW_sqrt doesn't have a timescale but at least one module in design has a timescale.
WARNING: [XSIM 43-4099] "../../../../cpu/design/DW_sqrt.v" Line 29. Module DW_sqrt doesn't have a timescale but at least one module in design has a timescale.
WARNING: [XSIM 43-4099] "../../../../cpu/design/DW_sqrt.v" Line 29. Module DW_sqrt doesn't have a timescale but at least one module in design has a timescale.
WARNING: [XSIM 43-4099] "../../../../cpu/design/DW_sqrt.v" Line 29. Module DW_sqrt doesn't have a timescale but at least one module in design has a timescale.
WARNING: [XSIM 43-4099] "../../../../cpu/design/DW_sqrt.v" Line 29. Module DW_sqrt doesn't have a timescale but at least one module in design has a timescale.
WARNING: [XSIM 43-4099] "../../../../cpu/design/DW_sqrt.v" Line 29. Module DW_sqrt(width=16) doesn't have a timescale but at least one module in design has a timescale.
WARNING: [XSIM 43-4099] "../../../../cpu/design/DW_sqrt.v" Line 29. Module DW_sqrt(width=16) doesn't have a timescale but at least one module in design has a timescale.
WARNING: [XSIM 43-4099] "../../../../cpu/design/DW_sqrt.v" Line 29. Module DW_sqrt(width=16) doesn't have a timescale but at least one module in design has a timescale.
WARNING: [XSIM 43-4099] "../../../../cpu/design/DW_sqrt.v" Line 29. Module DW_sqrt(width=16) doesn't have a timescale but at least one module in design has a timescale.
WARNING: [XSIM 43-4099] "../../../../cpu/design/DW_sqrt.v" Line 29. Module DW_sqrt(width=32) doesn't have a timescale but at least one module in design has a timescale.
WARNING: [XSIM 43-4099] "../../../../cpu/design/DW_sqrt.v" Line 29. Module DW_sqrt(width=32) doesn't have a timescale but at least one module in design has a timescale.
WARNING: [XSIM 43-4099] "../../../../cpu/design/DW_sqrt.v" Line 29. Module DW_sqrt(width=64) doesn't have a timescale but at least one module in design has a timescale.
WARNING: [XSIM 43-4099] "../../../../cpu/design/DW_div.v" Line 35. Module DW_div(rem_mode=0) doesn't have a timescale but at least one module in design has a timescale.
WARNING: [XSIM 43-4099] "../../../../cpu/design/DW_div.v" Line 35. Module DW_div(rem_mode=0) doesn't have a timescale but at least one module in design has a timescale.
WARNING: [XSIM 43-4099] "../../../../cpu/design/DW_div.v" Line 35. Module DW_div(rem_mode=0) doesn't have a timescale but at least one module in design has a timescale.
WARNING: [XSIM 43-4099] "../../../../cpu/design/DW_div.v" Line 35. Module DW_div(rem_mode=0) doesn't have a timescale but at least one module in design has a timescale.
WARNING: [XSIM 43-4099] "../../../../cpu/design/DW_div.v" Line 35. Module DW_div(rem_mode=0) doesn't have a timescale but at least one module in design has a timescale.
WARNING: [XSIM 43-4099] "../../../../cpu/design/DW_div.v" Line 35. Module DW_div(rem_mode=0) doesn't have a timescale but at least one module in design has a timescale.
WARNING: [XSIM 43-4099] "../../../../cpu/design/DW_div.v" Line 35. Module DW_div(rem_mode=0) doesn't have a timescale but at least one module in design has a timescale.
WARNING: [XSIM 43-4099] "../../../../cpu/design/DW_div.v" Line 35. Module DW_div(rem_mode=0) doesn't have a timescale but at least one module in design has a timescale.
WARNING: [XSIM 43-4099] "../../../../cpu/design/DW_div.v" Line 35. Module DW_div(a_width=16,b_width=16,rem_mode=0) doesn't have a timescale but at least one module in design has a timescale.
WARNING: [XSIM 43-4099] "../../../../cpu/design/DW_div.v" Line 35. Module DW_div(a_width=16,b_width=16,rem_mode=0) doesn't have a timescale but at least one module in design has a timescale.
WARNING: [XSIM 43-4099] "../../../../cpu/design/DW_div.v" Line 35. Module DW_div(a_width=16,b_width=16,rem_mode=0) doesn't have a timescale but at least one module in design has a timescale.
WARNING: [XSIM 43-4099] "../../../../cpu/design/DW_div.v" Line 35. Module DW_div(a_width=16,b_width=16,rem_mode=0) doesn't have a timescale but at least one module in design has a timescale.
WARNING: [XSIM 43-4099] "../../../../cpu/design/DW_div.v" Line 35. Module DW_div(a_width=32,b_width=32,rem_mode=0) doesn't have a timescale but at least one module in design has a timescale.
WARNING: [XSIM 43-4099] "../../../../cpu/design/DW_div.v" Line 35. Module DW_div(a_width=32,b_width=32,rem_mode=0) doesn't have a timescale but at least one module in design has a timescale.
WARNING: [XSIM 43-4099] "../../../../cpu/design/DW_div.v" Line 35. Module DW_div(a_width=64,b_width=64,rem_mode=0) doesn't have a timescale but at least one module in design has a timescale.
WARNING: [XSIM 43-4099] "../../../../cpu/design/DW_sqrt.v" Line 29. Module DW_sqrt doesn't have a timescale but at least one module in design has a timescale.
WARNING: [XSIM 43-4099] "../../../../cpu/design/DW_sqrt.v" Line 29. Module DW_sqrt doesn't have a timescale but at least one module in design has a timescale.
WARNING: [XSIM 43-4099] "../../../../cpu/design/DW_sqrt.v" Line 29. Module DW_sqrt doesn't have a timescale but at least one module in design has a timescale.
WARNING: [XSIM 43-4099] "../../../../cpu/design/DW_sqrt.v" Line 29. Module DW_sqrt doesn't have a timescale but at least one module in design has a timescale.
WARNING: [XSIM 43-4099] "../../../../cpu/design/DW_sqrt.v" Line 29. Module DW_sqrt doesn't have a timescale but at least one module in design has a timescale.
WARNING: [XSIM 43-4099] "../../../../cpu/design/DW_sqrt.v" Line 29. Module DW_sqrt doesn't have a timescale but at least one module in design has a timescale.
WARNING: [XSIM 43-4099] "../../../../cpu/design/DW_sqrt.v" Line 29. Module DW_sqrt doesn't have a timescale but at least one module in design has a timescale.
WARNING: [XSIM 43-4099] "../../../../cpu/design/DW_sqrt.v" Line 29. Module DW_sqrt doesn't have a timescale but at least one module in design has a timescale.
WARNING: [XSIM 43-4099] "../../../../cpu/design/DW_sqrt.v" Line 29. Module DW_sqrt(width=16) doesn't have a timescale but at least one module in design has a timescale.
WARNING: [XSIM 43-4099] "../../../../cpu/design/DW_sqrt.v" Line 29. Module DW_sqrt(width=16) doesn't have a timescale but at least one module in design has a timescale.
WARNING: [XSIM 43-4099] "../../../../cpu/design/DW_sqrt.v" Line 29. Module DW_sqrt(width=16) doesn't have a timescale but at least one module in design has a timescale.
WARNING: [XSIM 43-4099] "../../../../cpu/design/DW_sqrt.v" Line 29. Module DW_sqrt(width=16) doesn't have a timescale but at least one module in design has a timescale.
WARNING: [XSIM 43-4099] "../../../../cpu/design/DW_sqrt.v" Line 29. Module DW_sqrt(width=32) doesn't have a timescale but at least one module in design has a timescale.
WARNING: [XSIM 43-4099] "../../../../cpu/design/DW_sqrt.v" Line 29. Module DW_sqrt(width=32) doesn't have a timescale but at least one module in design has a timescale.
WARNING: [XSIM 43-4099] "../../../../cpu/design/DW_sqrt.v" Line 29. Module DW_sqrt(width=64) doesn't have a timescale but at least one module in design has a timescale.
Completed simulation data flow analysis
Time Resolution for simulation is 1ps
Compiling module xil_defaultlib.imem
Compiling module xil_defaultlib.dmem
Compiling module xil_defaultlib.router_input_channel
Compiling module xil_defaultlib.clk_gate_latch
Compiling module xil_defaultlib.router_output_channel
Compiling module xil_defaultlib.two_way_arbiter
Compiling module xil_defaultlib.four_way_arbiter
Compiling module xil_defaultlib.router
Compiling module xil_defaultlib.nic
Compiling module xil_defaultlib.program_counter
Compiling module xil_defaultlib.mux(WIDTH=32)
Compiling module xil_defaultlib.register_file
Compiling module xil_defaultlib.instruction_decoder
Compiling module xil_defaultlib.hazard_detection_unit
Compiling module xil_defaultlib.DW_div(rem_mode=0)
Compiling module xil_defaultlib.DW_div(a_width=16,b_width=16,rem...
Compiling module xil_defaultlib.DW_div(a_width=32,b_width=32,rem...
Compiling module xil_defaultlib.DW_div(a_width=64,b_width=64,rem...
Compiling module xil_defaultlib.DW_sqrt
Compiling module xil_defaultlib.DW_sqrt(width=16)
Compiling module xil_defaultlib.DW_sqrt(width=32)
Compiling module xil_defaultlib.DW_sqrt(width=64)
Compiling module xil_defaultlib.alu
Compiling module xil_defaultlib.forwarding_unit
Compiling module xil_defaultlib.mux
Compiling module xil_defaultlib.four_stage_processor
Compiling module xil_defaultlib.mesh_row_0
Compiling module xil_defaultlib.tb_mesh_row
Compiling module xil_defaultlib.glbl
Built simulation snapshot tb_mesh_row_behav
